00:34:24: Creating resource group General
00:34:24: Creating resource group Internal
00:34:24: Creating resource group Autodetect
00:34:24: SceneManagerFactory for type 'DefaultSceneManager' registered.
00:34:24: Registering ResourceManager for type Material
00:34:24: Registering ResourceManager for type Mesh
00:34:24: Registering ResourceManager for type Skeleton
00:34:24: MovableObjectFactory for type 'ParticleSystem' registered.
00:34:24: OverlayElementFactory for type Panel registered.
00:34:24: OverlayElementFactory for type BorderPanel registered.
00:34:24: OverlayElementFactory for type TextArea registered.
00:34:24: Registering ResourceManager for type Font
00:34:24: ArchiveFactory for archive type FileSystem registered.
00:34:24: ArchiveFactory for archive type Zip registered.
00:34:24: FreeImage version: 3.10.0
00:34:24: This program uses FreeImage, a free, open source image library supporting all common bitmap formats. See http://freeimage.sourceforge.net for details
00:34:24: Supported formats: bmp,ico,jpg,jif,jpeg,jpe,jng,koa,iff,lbm,mng,pbm,pbm,pcd,pcx,pgm,pgm,png,ppm,ppm,ras,tga,targa,tif,tiff,wap,wbmp,wbm,psd,cut,xbm,xpm,gif,hdr,g3,sgi,exr,j2k,j2c,jp2
00:34:24: DDS codec registering
00:34:24: Registering ResourceManager for type HighLevelGpuProgram
00:34:24: Registering ResourceManager for type Compositor
00:34:24: MovableObjectFactory for type 'Entity' registered.
00:34:24: MovableObjectFactory for type 'Light' registered.
00:34:24: MovableObjectFactory for type 'BillboardSet' registered.
00:34:24: MovableObjectFactory for type 'ManualObject' registered.
00:34:24: MovableObjectFactory for type 'BillboardChain' registered.
00:34:24: MovableObjectFactory for type 'RibbonTrail' registered.
00:34:24: OGRE EXCEPTION(6:FileNotFoundException): 'Plugins/Plugins.ini' file not found! in ConfigFile::load at ..\src\OgreConfigFile.cpp (line 84)
00:34:24: Plugins/Plugins.ini not found, automatic plugin loading disabled.
00:34:24: *-*-* OGRE Initialising
00:34:24: *-*-* Version 1.6.4 (Shoggoth)
